[29/May/2015 18:07:12]"GET / HTTP/1.1" 200 2658
[29/May/2015 18:07:12]"GET /static/main.css HTTP/1.1" 200 426
[29/May/2015 18:07:12]"GET /static/bootstrap/js/bootstrap.min.js HTTP/1.1" 200 35452
[29/May/2015 18:07:12]"GET /static/jquery/jquery.min.js HTTP/1.1" 200 83482
[29/May/2015 18:07:12]"GET /static/bootstrap/css/bootstrap.min.css HTTP/1.1" 200 117150
[29/May/2015 18:07:14]"GET / HTTP/1.1" 200 2658
[29/May/2015 18:07:14]"GET /static/bootstrap/css/bootstrap.min.css HTTP/1.1" 304 0
[29/May/2015 18:07:14]"GET /static/main.css HTTP/1.1" 304 0
[29/May/2015 18:07:14]"GET /static/jquery/jquery.min.js HTTP/1.1" 304 0
[29/May/2015 18:07:14]"GET /static/bootstrap/js/bootstrap.min.js HTTP/1.1" 304 0
[29/May/2015 18:13:36]"GET / HTTP/1.1" 200 2608
[29/May/2015 18:13:36]"GET /static/bootstrap/css/bootstrap.min.css HTTP/1.1" 304 0
[29/May/2015 18:13:36]"GET /static/carousel.css HTTP/1.1" 200 2538
[29/May/2015 18:13:36]"GET /static/jquery/jquery.min.js HTTP/1.1" 304 0
[29/May/2015 18:13:37]"GET /static/bootstrap/js/bootstrap.min.js HTTP/1.1" 304 0
[29/May/2015 18:13:39]"GET / HTTP/1.1" 200 2608
[29/May/2015 18:13:39]"GET /static/bootstrap/css/bootstrap.min.css HTTP/1.1" 304 0
[29/May/2015 18:13:39]"GET /static/carousel.css HTTP/1.1" 304 0
[29/May/2015 18:13:39]"GET /static/jquery/jquery.min.js HTTP/1.1" 304 0
[29/May/2015 18:13:39]"GET /static/bootstrap/js/bootstrap.min.js HTTP/1.1" 304 0
[29/May/2015 18:13:39]"GET / HTTP/1.1" 200 2608
[29/May/2015 18:13:40]"GET /static/bootstrap/css/bootstrap.min.css HTTP/1.1" 304 0
[29/May/2015 18:13:40]"GET /static/carousel.css HTTP/1.1" 304 0
[29/May/2015 18:13:40]"GET /static/jquery/jquery.min.js HTTP/1.1" 304 0
[29/May/2015 18:13:40]"GET /static/bootstrap/js/bootstrap.min.js HTTP/1.1" 304 0
[29/May/2015 18:13:40]"GET / HTTP/1.1" 200 2608
[29/May/2015 18:13:40]"GET /static/bootstrap/css/bootstrap.min.css HTTP/1.1" 304 0
[29/May/2015 18:13:40]"GET /static/carousel.css HTTP/1.1" 304 0
[29/May/2015 18:13:40]"GET /static/jquery/jquery.min.js HTTP/1.1" 304 0
[29/May/2015 18:13:40]"GET /static/bootstrap/js/bootstrap.min.js HTTP/1.1" 304 0
[29/May/2015 18:13:41]"GET / HTTP/1.1" 200 2608
[29/May/2015 18:13:41]"GET /static/bootstrap/css/bootstrap.min.css HTTP/1.1" 304 0
[29/May/2015 18:13:41]"GET /static/carousel.css HTTP/1.1" 304 0
[29/May/2015 18:13:41]"GET /static/jquery/jquery.min.js HTTP/1.1" 304 0
[29/May/2015 18:13:41]"GET /static/bootstrap/js/bootstrap.min.js HTTP/1.1" 304 0
[29/May/2015 18:19:18]"GET / HTTP/1.1" 200 2657
[29/May/2015 18:19:18]"GET /static/css/carousel.css HTTP/1.1" 200 2538
[29/May/2015 18:19:18]"GET /static/jquery/jquery.min.js HTTP/1.1" 304 0
[29/May/2015 18:19:18]"GET /static/bootstrap/css/bootstrap.min.css HTTP/1.1" 304 0
[29/May/2015 18:19:18]"GET /static/bootstrap/js/bootstrap.min.js HTTP/1.1" 304 0
[29/May/2015 18:19:18]"GET /static/js/holder.js HTTP/1.1" 200 23861
[29/May/2015 18:19:20]"GET / HTTP/1.1" 200 2657
[29/May/2015 18:19:20]"GET /static/bootstrap/css/bootstrap.min.css HTTP/1.1" 304 0
[29/May/2015 18:19:20]"GET /static/css/carousel.css HTTP/1.1" 304 0
[29/May/2015 18:19:20]"GET /static/bootstrap/js/bootstrap.min.js HTTP/1.1" 304 0
[29/May/2015 18:19:20]"GET /static/jquery/jquery.min.js HTTP/1.1" 304 0
[29/May/2015 18:19:20]"GET /static/js/holder.js HTTP/1.1" 304 0
[29/May/2015 18:19:20]"GET / HTTP/1.1" 200 2657
[29/May/2015 18:19:21]"GET /static/bootstrap/css/bootstrap.min.css HTTP/1.1" 304 0
[29/May/2015 18:19:21]"GET /static/css/carousel.css HTTP/1.1" 304 0
[29/May/2015 18:19:21]"GET /static/jquery/jquery.min.js HTTP/1.1" 304 0
[29/May/2015 18:19:21]"GET /static/bootstrap/js/bootstrap.min.js HTTP/1.1" 304 0
[29/May/2015 18:19:21]"GET /static/js/holder.js HTTP/1.1" 304 0
[29/May/2015 18:20:11]"GET / HTTP/1.1" 200 2642
[29/May/2015 18:20:11]"GET /static/css/carousel.css HTTP/1.1" 200 2538
[29/May/2015 18:20:11]"GET /static/bootstrap/js/bootstrap.min.js HTTP/1.1" 200 35452
[29/May/2015 18:20:11]"GET /static/js/holder.js HTTP/1.1" 200 23861
[29/May/2015 18:20:11]"GET /static/jquery/jquery.min.js HTTP/1.1" 200 83482
[29/May/2015 18:20:11]"GET /static/bootstrap/css/bootstrap.min.css HTTP/1.1" 200 117150
[29/May/2015 18:20:12]"GET / HTTP/1.1" 200 2642
[29/May/2015 18:20:13]"GET /static/css/carousel.css HTTP/1.1" 200 2538
[29/May/2015 18:20:13]"GET /static/bootstrap/js/bootstrap.min.js HTTP/1.1" 200 35452
[29/May/2015 18:20:13]"GET /static/js/holder.js HTTP/1.1" 200 23861
[29/May/2015 18:20:13]"GET /static/jquery/jquery.min.js HTTP/1.1" 200 83482
[29/May/2015 18:20:13]"GET /static/bootstrap/css/bootstrap.min.css HTTP/1.1" 200 117150
[29/May/2015 18:20:39]"GET / HTTP/1.1" 200 2586
[29/May/2015 18:20:39]"GET /static/css/carousel.css HTTP/1.1" 200 2538
[29/May/2015 18:20:39]"GET /static/bootstrap/js/bootstrap.min.js HTTP/1.1" 200 35452
[29/May/2015 18:20:39]"GET /static/js/holder.js HTTP/1.1" 200 23861
[29/May/2015 18:20:40]"GET /static/jquery/jquery.min.js HTTP/1.1" 200 83482
[29/May/2015 18:20:40]"GET /static/bootstrap/css/bootstrap.min.css HTTP/1.1" 200 117150
[29/May/2015 18:22:09]"GET / HTTP/1.1" 200 2586
[29/May/2015 18:22:09]"GET /static/css/carousel.css HTTP/1.1" 200 2538
[29/May/2015 18:22:09]"GET /static/bootstrap/js/bootstrap.min.js HTTP/1.1" 200 35452
[29/May/2015 18:22:09]"GET /static/js/holder.js HTTP/1.1" 200 23861
[29/May/2015 18:22:09]"GET /static/jquery/jquery.min.js HTTP/1.1" 200 83482
[29/May/2015 18:22:10]"GET /static/bootstrap/css/bootstrap.min.css HTTP/1.1" 200 117150
[29/May/2015 18:22:13]"GET / HTTP/1.1" 200 2586
[29/May/2015 18:22:13]"GET /static/css/carousel.css HTTP/1.1" 200 2538
[29/May/2015 18:22:13]"GET /static/jquery/jquery.min.js HTTP/1.1" 200 83482
[29/May/2015 18:22:13]"GET /static/bootstrap/js/bootstrap.min.js HTTP/1.1" 200 35452
[29/May/2015 18:22:13]"GET /static/js/holder.js HTTP/1.1" 200 23861
[29/May/2015 18:22:13]"GET /static/bootstrap/css/bootstrap.min.css HTTP/1.1" 200 117150
[29/May/2015 18:24:36]"GET / HTTP/1.1" 200 9229
[29/May/2015 18:24:36]"GET /static/css/carousel.css HTTP/1.1" 200 2538
[29/May/2015 18:24:36]"GET /static/bootstrap/js/bootstrap.min.js HTTP/1.1" 200 35452
[29/May/2015 18:24:36]"GET /static/js/holder.js HTTP/1.1" 200 23861
[29/May/2015 18:24:36]"GET /static/bootstrap/css/bootstrap.min.css HTTP/1.1" 200 117150
[29/May/2015 18:24:36]"GET /static/jquery/jquery.min.js HTTP/1.1" 200 83482
[29/May/2015 18:24:37]"GET /static/bootstrap/fonts/glyphicons-halflings-regular.woff2 HTTP/1.1" 200 18028
[29/May/2015 18:25:22]"GET /about/ HTTP/1.1" 200 2603
[29/May/2015 18:25:22]"GET /static/jquery/jquery.min.js HTTP/1.1" 200 83482
[29/May/2015 18:25:22]"GET /static/bootstrap/js/bootstrap.min.js HTTP/1.1" 200 35452
[29/May/2015 18:25:23]"GET /static/bootstrap/css/bootstrap.min.css HTTP/1.1" 200 117150
[29/May/2015 18:25:27]"GET / HTTP/1.1" 200 9229
[29/May/2015 18:25:27]"GET /static/css/carousel.css HTTP/1.1" 200 2538
[29/May/2015 18:25:27]"GET /static/jquery/jquery.min.js HTTP/1.1" 200 83482
[29/May/2015 18:25:27]"GET /static/bootstrap/js/bootstrap.min.js HTTP/1.1" 200 35452
[29/May/2015 18:25:28]"GET /static/js/holder.js HTTP/1.1" 200 23861
[29/May/2015 18:25:28]"GET /static/bootstrap/css/bootstrap.min.css HTTP/1.1" 200 117150
[29/May/2015 18:25:28]"GET /static/bootstrap/fonts/glyphicons-halflings-regular.woff2 HTTP/1.1" 200 18028
[29/May/2015 18:26:01]"GET / HTTP/1.1" 200 9229
[29/May/2015 18:26:01]"GET /static/css/carousel.css HTTP/1.1" 200 2538
[29/May/2015 18:26:01]"GET /static/js/holder.js HTTP/1.1" 200 23861
[29/May/2015 18:26:01]"GET /static/bootstrap/js/bootstrap.min.js HTTP/1.1" 200 35452
[29/May/2015 18:26:01]"GET /static/jquery/jquery.min.js HTTP/1.1" 200 83482
[29/May/2015 18:26:01]"GET /static/bootstrap/css/bootstrap.min.css HTTP/1.1" 200 117150
[29/May/2015 18:26:02]"GET /static/bootstrap/fonts/glyphicons-halflings-regular.woff2 HTTP/1.1" 200 18028
[29/May/2015 18:26:09]"GET /about/ HTTP/1.1" 200 2603
[29/May/2015 18:26:09]"GET /static/jquery/jquery.min.js HTTP/1.1" 200 83482
[29/May/2015 18:26:09]"GET /static/bootstrap/js/bootstrap.min.js HTTP/1.1" 200 35452
[29/May/2015 18:26:09]"GET /static/bootstrap/css/bootstrap.min.css HTTP/1.1" 200 117150
[29/May/2015 18:27:02]"GET /about/ HTTP/1.1" 200 2660
[29/May/2015 18:27:02]"GET /static/css/carousel.css HTTP/1.1" 200 2538
